<?xml version="1.0" encoding="UTF-8"?>
<!-- Generated by org.testng.reporters.JUnitReportReporter -->
<testsuite hostname="DESKTOP-SN1M2SH" failures="0" tests="1" name="com.ui.tests.RegisterationTest" time="10.828" errors="0" timestamp="2025-05-20T22:07:58 IST" skipped="0">
  <testcase classname="com.ui.tests.RegisterationTest" name="registrationTest" time="10.828"/>
</testsuite> <!-- com.ui.tests.RegisterationTest -->
