<?xml version="1.0" encoding="UTF-8"?>
<!-- Generated by org.testng.reporters.JUnitReportReporter -->
<testsuite hostname="DESKTOP-SN1M2SH" failures="0" tests="1" name="com.ui.tests.LoginTest" time="9.076" errors="0" timestamp="2025-05-24T20:00:26 IST" skipped="0">
  <testcase classname="com.ui.tests.LoginTest" name="registrationTest" time="9.076"/>
</testsuite> <!-- com.ui.tests.LoginTest -->
