<?xml version="1.0" encoding="UTF-8"?>
<!-- Generated by org.testng.reporters.JUnitReportReporter -->
<testsuite hostname="DESKTOP-SN1M2SH" failures="0" tests="1" name="com.ui.tests.RegisterationTest" time="6.800" errors="0" timestamp="2025-05-19T21:28:52 IST" skipped="0">
  <testcase classname="com.ui.tests.RegisterationTest" name="registrationTest" time="6.800"/>
</testsuite> <!-- com.ui.tests.RegisterationTest -->
