<?xml version="1.0" encoding="UTF-8"?>
<!-- Generated by org.testng.reporters.JUnitReportReporter -->
<testsuite hostname="DESKTOP-SN1M2SH" failures="0" tests="1" name="com.ui.tests.LoginTest" time="7.502" errors="0" timestamp="2025-05-25T21:46:22 IST" skipped="0">
  <testcase classname="com.ui.tests.LoginTest" name="registrationTest" time="7.502"/>
</testsuite> <!-- com.ui.tests.LoginTest -->
